2018-11-11 0:48:29 - PHP Notice:  Undefined variable: breadcrumbs in /var/www/webdev/html/ocStore/upload/catalog/view/theme/default/template/product/category.tpl on line 4
2018-11-11 0:48:29 - PHP Warning:  Invalid argument supplied for foreach() in /var/www/webdev/html/ocStore/upload/catalog/view/theme/default/template/product/category.tpl on line 4
2018-11-11 0:48:29 - PHP Notice:  Undefined variable: column_left in /var/www/webdev/html/ocStore/upload/catalog/view/theme/default/template/product/category.tpl on line 8
2018-11-11 0:48:29 - PHP Notice:  Undefined variable: column_left in /var/www/webdev/html/ocStore/upload/catalog/view/theme/default/template/product/category.tpl on line 9
2018-11-11 0:48:29 - PHP Notice:  Undefined variable: column_right in /var/www/webdev/html/ocStore/upload/catalog/view/theme/default/template/product/category.tpl on line 11
2018-11-11 0:48:29 - PHP Notice:  Undefined variable: content_top in /var/www/webdev/html/ocStore/upload/catalog/view/theme/default/template/product/category.tpl on line 16
2018-11-11 0:48:29 - PHP Notice:  Undefined variable: heading_title in /var/www/webdev/html/ocStore/upload/catalog/view/theme/default/template/product/category.tpl on line 17
2018-11-11 0:48:29 - PHP Notice:  Undefined variable: thumb in /var/www/webdev/html/ocStore/upload/catalog/view/theme/default/template/product/category.tpl on line 18
2018-11-11 0:48:29 - PHP Notice:  Undefined variable: description in /var/www/webdev/html/ocStore/upload/catalog/view/theme/default/template/product/category.tpl on line 18
2018-11-11 0:48:29 - PHP Notice:  Undefined variable: categories in /var/www/webdev/html/ocStore/upload/catalog/view/theme/default/template/product/category.tpl on line 29
2018-11-11 0:48:29 - PHP Notice:  Undefined variable: products in /var/www/webdev/html/ocStore/upload/catalog/view/theme/default/template/product/category.tpl on line 55
2018-11-11 0:48:29 - PHP Notice:  Undefined variable: categories in /var/www/webdev/html/ocStore/upload/catalog/view/theme/default/template/product/category.tpl on line 145
2018-11-11 0:48:29 - PHP Notice:  Undefined variable: products in /var/www/webdev/html/ocStore/upload/catalog/view/theme/default/template/product/category.tpl on line 145
2018-11-11 0:48:29 - PHP Notice:  Undefined variable: text_empty in /var/www/webdev/html/ocStore/upload/catalog/view/theme/default/template/product/category.tpl on line 146
2018-11-11 0:48:29 - PHP Notice:  Undefined variable: continue in /var/www/webdev/html/ocStore/upload/catalog/view/theme/default/template/product/category.tpl on line 148
2018-11-11 0:48:29 - PHP Notice:  Undefined variable: button_continue in /var/www/webdev/html/ocStore/upload/catalog/view/theme/default/template/product/category.tpl on line 148
2018-11-11 0:48:29 - PHP Notice:  Undefined variable: content_bottom in /var/www/webdev/html/ocStore/upload/catalog/view/theme/default/template/product/category.tpl on line 151
2018-11-11 0:48:29 - PHP Notice:  Undefined variable: column_right in /var/www/webdev/html/ocStore/upload/catalog/view/theme/default/template/product/category.tpl on line 152
2018-11-11 0:48:59 - PHP Notice:  Undefined variable: breadcrumbs in /var/www/webdev/html/ocStore/upload/catalog/view/theme/default/template/product/category.tpl on line 4
2018-11-11 0:48:59 - PHP Warning:  Invalid argument supplied for foreach() in /var/www/webdev/html/ocStore/upload/catalog/view/theme/default/template/product/category.tpl on line 4
2018-11-11 0:48:59 - PHP Notice:  Undefined variable: column_left in /var/www/webdev/html/ocStore/upload/catalog/view/theme/default/template/product/category.tpl on line 8
2018-11-11 0:48:59 - PHP Notice:  Undefined variable: column_left in /var/www/webdev/html/ocStore/upload/catalog/view/theme/default/template/product/category.tpl on line 9
2018-11-11 0:48:59 - PHP Notice:  Undefined variable: column_right in /var/www/webdev/html/ocStore/upload/catalog/view/theme/default/template/product/category.tpl on line 11
2018-11-11 0:48:59 - PHP Notice:  Undefined variable: content_top in /var/www/webdev/html/ocStore/upload/catalog/view/theme/default/template/product/category.tpl on line 16
2018-11-11 0:48:59 - PHP Notice:  Undefined variable: heading_title in /var/www/webdev/html/ocStore/upload/catalog/view/theme/default/template/product/category.tpl on line 17
2018-11-11 0:48:59 - PHP Notice:  Undefined variable: thumb in /var/www/webdev/html/ocStore/upload/catalog/view/theme/default/template/product/category.tpl on line 18
2018-11-11 0:48:59 - PHP Notice:  Undefined variable: description in /var/www/webdev/html/ocStore/upload/catalog/view/theme/default/template/product/category.tpl on line 18
2018-11-11 0:48:59 - PHP Notice:  Undefined variable: categories in /var/www/webdev/html/ocStore/upload/catalog/view/theme/default/template/product/category.tpl on line 29
2018-11-11 0:48:59 - PHP Notice:  Undefined variable: products in /var/www/webdev/html/ocStore/upload/catalog/view/theme/default/template/product/category.tpl on line 55
2018-11-11 0:48:59 - PHP Notice:  Undefined variable: categories in /var/www/webdev/html/ocStore/upload/catalog/view/theme/default/template/product/category.tpl on line 145
2018-11-11 0:48:59 - PHP Notice:  Undefined variable: products in /var/www/webdev/html/ocStore/upload/catalog/view/theme/default/template/product/category.tpl on line 145
2018-11-11 0:48:59 - PHP Notice:  Undefined variable: text_empty in /var/www/webdev/html/ocStore/upload/catalog/view/theme/default/template/product/category.tpl on line 146
2018-11-11 0:48:59 - PHP Notice:  Undefined variable: continue in /var/www/webdev/html/ocStore/upload/catalog/view/theme/default/template/product/category.tpl on line 148
2018-11-11 0:48:59 - PHP Notice:  Undefined variable: button_continue in /var/www/webdev/html/ocStore/upload/catalog/view/theme/default/template/product/category.tpl on line 148
2018-11-11 0:48:59 - PHP Notice:  Undefined variable: content_bottom in /var/www/webdev/html/ocStore/upload/catalog/view/theme/default/template/product/category.tpl on line 151
2018-11-11 0:48:59 - PHP Notice:  Undefined variable: column_right in /var/www/webdev/html/ocStore/upload/catalog/view/theme/default/template/product/category.tpl on line 152
2018-11-11 0:49:04 - PHP Notice:  Undefined variable: breadcrumbs in /var/www/webdev/html/ocStore/upload/catalog/view/theme/default/template/product/category.tpl on line 4
2018-11-11 0:49:04 - PHP Warning:  Invalid argument supplied for foreach() in /var/www/webdev/html/ocStore/upload/catalog/view/theme/default/template/product/category.tpl on line 4
2018-11-11 0:49:04 - PHP Notice:  Undefined variable: column_left in /var/www/webdev/html/ocStore/upload/catalog/view/theme/default/template/product/category.tpl on line 8
2018-11-11 0:49:04 - PHP Notice:  Undefined variable: column_left in /var/www/webdev/html/ocStore/upload/catalog/view/theme/default/template/product/category.tpl on line 9
2018-11-11 0:49:04 - PHP Notice:  Undefined variable: column_right in /var/www/webdev/html/ocStore/upload/catalog/view/theme/default/template/product/category.tpl on line 11
2018-11-11 0:49:04 - PHP Notice:  Undefined variable: content_top in /var/www/webdev/html/ocStore/upload/catalog/view/theme/default/template/product/category.tpl on line 16
2018-11-11 0:49:04 - PHP Notice:  Undefined variable: heading_title in /var/www/webdev/html/ocStore/upload/catalog/view/theme/default/template/product/category.tpl on line 17
2018-11-11 0:49:04 - PHP Notice:  Undefined variable: thumb in /var/www/webdev/html/ocStore/upload/catalog/view/theme/default/template/product/category.tpl on line 18
2018-11-11 0:49:04 - PHP Notice:  Undefined variable: description in /var/www/webdev/html/ocStore/upload/catalog/view/theme/default/template/product/category.tpl on line 18
2018-11-11 0:49:04 - PHP Notice:  Undefined variable: categories in /var/www/webdev/html/ocStore/upload/catalog/view/theme/default/template/product/category.tpl on line 29
2018-11-11 0:49:04 - PHP Notice:  Undefined variable: products in /var/www/webdev/html/ocStore/upload/catalog/view/theme/default/template/product/category.tpl on line 55
2018-11-11 0:49:04 - PHP Notice:  Undefined variable: categories in /var/www/webdev/html/ocStore/upload/catalog/view/theme/default/template/product/category.tpl on line 145
2018-11-11 0:49:04 - PHP Notice:  Undefined variable: products in /var/www/webdev/html/ocStore/upload/catalog/view/theme/default/template/product/category.tpl on line 145
2018-11-11 0:49:04 - PHP Notice:  Undefined variable: text_empty in /var/www/webdev/html/ocStore/upload/catalog/view/theme/default/template/product/category.tpl on line 146
2018-11-11 0:49:04 - PHP Notice:  Undefined variable: continue in /var/www/webdev/html/ocStore/upload/catalog/view/theme/default/template/product/category.tpl on line 148
2018-11-11 0:49:04 - PHP Notice:  Undefined variable: button_continue in /var/www/webdev/html/ocStore/upload/catalog/view/theme/default/template/product/category.tpl on line 148
2018-11-11 0:49:04 - PHP Notice:  Undefined variable: content_bottom in /var/www/webdev/html/ocStore/upload/catalog/view/theme/default/template/product/category.tpl on line 151
2018-11-11 0:49:04 - PHP Notice:  Undefined variable: column_right in /var/www/webdev/html/ocStore/upload/catalog/view/theme/default/template/product/category.tpl on line 152
2018-11-11 0:49:22 - PHP Notice:  Undefined variable: breadcrumbs in /var/www/webdev/html/ocStore/upload/catalog/view/theme/default/template/product/category.tpl on line 4
2018-11-11 0:49:22 - PHP Warning:  Invalid argument supplied for foreach() in /var/www/webdev/html/ocStore/upload/catalog/view/theme/default/template/product/category.tpl on line 4
2018-11-11 0:49:22 - PHP Notice:  Undefined variable: column_left in /var/www/webdev/html/ocStore/upload/catalog/view/theme/default/template/product/category.tpl on line 8
2018-11-11 0:49:22 - PHP Notice:  Undefined variable: column_left in /var/www/webdev/html/ocStore/upload/catalog/view/theme/default/template/product/category.tpl on line 9
2018-11-11 0:49:22 - PHP Notice:  Undefined variable: column_right in /var/www/webdev/html/ocStore/upload/catalog/view/theme/default/template/product/category.tpl on line 11
2018-11-11 0:49:22 - PHP Notice:  Undefined variable: content_top in /var/www/webdev/html/ocStore/upload/catalog/view/theme/default/template/product/category.tpl on line 16
2018-11-11 0:49:22 - PHP Notice:  Undefined variable: heading_title in /var/www/webdev/html/ocStore/upload/catalog/view/theme/default/template/product/category.tpl on line 17
2018-11-11 0:49:22 - PHP Notice:  Undefined variable: thumb in /var/www/webdev/html/ocStore/upload/catalog/view/theme/default/template/product/category.tpl on line 18
2018-11-11 0:49:22 - PHP Notice:  Undefined variable: description in /var/www/webdev/html/ocStore/upload/catalog/view/theme/default/template/product/category.tpl on line 18
2018-11-11 0:49:22 - PHP Notice:  Undefined variable: categories in /var/www/webdev/html/ocStore/upload/catalog/view/theme/default/template/product/category.tpl on line 29
2018-11-11 0:49:22 - PHP Notice:  Undefined variable: products in /var/www/webdev/html/ocStore/upload/catalog/view/theme/default/template/product/category.tpl on line 55
2018-11-11 0:49:22 - PHP Notice:  Undefined variable: categories in /var/www/webdev/html/ocStore/upload/catalog/view/theme/default/template/product/category.tpl on line 145
2018-11-11 0:49:22 - PHP Notice:  Undefined variable: products in /var/www/webdev/html/ocStore/upload/catalog/view/theme/default/template/product/category.tpl on line 145
2018-11-11 0:49:22 - PHP Notice:  Undefined variable: text_empty in /var/www/webdev/html/ocStore/upload/catalog/view/theme/default/template/product/category.tpl on line 146
2018-11-11 0:49:22 - PHP Notice:  Undefined variable: continue in /var/www/webdev/html/ocStore/upload/catalog/view/theme/default/template/product/category.tpl on line 148
2018-11-11 0:49:22 - PHP Notice:  Undefined variable: button_continue in /var/www/webdev/html/ocStore/upload/catalog/view/theme/default/template/product/category.tpl on line 148
2018-11-11 0:49:22 - PHP Notice:  Undefined variable: content_bottom in /var/www/webdev/html/ocStore/upload/catalog/view/theme/default/template/product/category.tpl on line 151
2018-11-11 0:49:22 - PHP Notice:  Undefined variable: column_right in /var/www/webdev/html/ocStore/upload/catalog/view/theme/default/template/product/category.tpl on line 152
2018-11-11 0:49:23 - PHP Notice:  Undefined variable: breadcrumbs in /var/www/webdev/html/ocStore/upload/catalog/view/theme/default/template/product/category.tpl on line 4
2018-11-11 0:49:23 - PHP Warning:  Invalid argument supplied for foreach() in /var/www/webdev/html/ocStore/upload/catalog/view/theme/default/template/product/category.tpl on line 4
2018-11-11 0:49:23 - PHP Notice:  Undefined variable: column_left in /var/www/webdev/html/ocStore/upload/catalog/view/theme/default/template/product/category.tpl on line 8
2018-11-11 0:49:23 - PHP Notice:  Undefined variable: column_left in /var/www/webdev/html/ocStore/upload/catalog/view/theme/default/template/product/category.tpl on line 9
2018-11-11 0:49:23 - PHP Notice:  Undefined variable: column_right in /var/www/webdev/html/ocStore/upload/catalog/view/theme/default/template/product/category.tpl on line 11
2018-11-11 0:49:23 - PHP Notice:  Undefined variable: content_top in /var/www/webdev/html/ocStore/upload/catalog/view/theme/default/template/product/category.tpl on line 16
2018-11-11 0:49:23 - PHP Notice:  Undefined variable: heading_title in /var/www/webdev/html/ocStore/upload/catalog/view/theme/default/template/product/category.tpl on line 17
2018-11-11 0:49:23 - PHP Notice:  Undefined variable: thumb in /var/www/webdev/html/ocStore/upload/catalog/view/theme/default/template/product/category.tpl on line 18
2018-11-11 0:49:23 - PHP Notice:  Undefined variable: description in /var/www/webdev/html/ocStore/upload/catalog/view/theme/default/template/product/category.tpl on line 18
2018-11-11 0:49:23 - PHP Notice:  Undefined variable: categories in /var/www/webdev/html/ocStore/upload/catalog/view/theme/default/template/product/category.tpl on line 29
2018-11-11 0:49:23 - PHP Notice:  Undefined variable: products in /var/www/webdev/html/ocStore/upload/catalog/view/theme/default/template/product/category.tpl on line 55
2018-11-11 0:49:23 - PHP Notice:  Undefined variable: categories in /var/www/webdev/html/ocStore/upload/catalog/view/theme/default/template/product/category.tpl on line 145
2018-11-11 0:49:23 - PHP Notice:  Undefined variable: products in /var/www/webdev/html/ocStore/upload/catalog/view/theme/default/template/product/category.tpl on line 145
2018-11-11 0:49:23 - PHP Notice:  Undefined variable: text_empty in /var/www/webdev/html/ocStore/upload/catalog/view/theme/default/template/product/category.tpl on line 146
2018-11-11 0:49:23 - PHP Notice:  Undefined variable: continue in /var/www/webdev/html/ocStore/upload/catalog/view/theme/default/template/product/category.tpl on line 148
2018-11-11 0:49:23 - PHP Notice:  Undefined variable: button_continue in /var/www/webdev/html/ocStore/upload/catalog/view/theme/default/template/product/category.tpl on line 148
2018-11-11 0:49:23 - PHP Notice:  Undefined variable: content_bottom in /var/www/webdev/html/ocStore/upload/catalog/view/theme/default/template/product/category.tpl on line 151
2018-11-11 0:49:23 - PHP Notice:  Undefined variable: column_right in /var/www/webdev/html/ocStore/upload/catalog/view/theme/default/template/product/category.tpl on line 152
2018-11-11 0:50:12 - PHP Notice:  Error: Could not load template /var/www/webdev/html/ocStore/upload/catalog/view/theme/default/template/mycontrol/action.tpl! in /var/www/webdev/html/ocStore/upload/system/library/template/php.php on line 23
2018-11-11 0:50:15 - PHP Notice:  Error: Could not load template /var/www/webdev/html/ocStore/upload/catalog/view/theme/default/template/mycontrol/action.tpl! in /var/www/webdev/html/ocStore/upload/system/library/template/php.php on line 23
2018-11-11 0:50:58 - PHP Notice:  Undefined variable: data in /var/www/webdev/html/ocStore/upload/catalog/view/theme/default/template/myControl/action.tpl on line 2
